[FILES]
file001=C:\Doom 3\Doom3.exe
file002=C:\Doom 3\Doom3Ded.exe
file003=C:\Doom 3\version.inf
file004=C:\Doom 3\base\gamex86.dll
file005=C:\Doom 3\base\game00.pk4
file006=C:\Doom 3\base\pak000.pk4
file007=C:\Doom 3\base\pak001.pk4
file008=C:\Doom 3\base\pak002.pk4
file009=C:\Doom 3\base\pak003.pk4
file010=C:\Doom 3\base\pak004.pk4
file011=C:\Doom 3\base\pak005.pk4
file012=C:\Doom 3\base\pak006.pk4
file013=C:\Doom 3\base\zpak000.pk4
file014=C:\Doom 3\base\zpak001.pk4
file015=C:\Doom 3\base\zpak002.pk4
file016=C:\Doom 3\base\doomkey
file017=C:\WINDOWS\doom3.ini
[DIRECTORIES]
dir001=C:\Doom 3\base
[STARTMENU]
shortcut001=Uninstall Doom 3
shortcut002=Documentation
shortcut003=1.2 Patch Readme
shortcut004=Doom 3
[DESKTOP]
shortcut001=Doom 3
[GUIDS]
guid001=EEFB15EB-FE8B-47DF-A496-1C4D1420294A
guid002=8C48E464-EB9F-43B8-82C5-245EE6B196DF
guid003=FB6908C2-2138-4D6E-9CAF-11D7AE6C3909
[COMPGUIDS]
guid001=04F3C726-1695-48D0-90E4-8AC647FF33AE
guid002=89F24C77-65A5-448C-BB4D-90087932E965
guid003=A5465904-23DB-483B-8ADA-5B91C9DD4DC5
guid004=B081B7DA-BE56-4E29-91ED-104D7D204FF8
guid005=053E6C64-B0FA-4D17-A0CA-81E2AE0D5E04
guid006=330A9586-5717-4CA3-A860-F9C126E77C43
guid007=721975FD-9BCF-41E2-B682-AD46BFFB8EE2
guid008=F0E44A1A-9BB1-42B2-8C58-AB18DFA123C1
guid009=04B31B43-A3A3-4025-8022-E04F6E0A116C
guid010=0DA98E74-D6FA-4A0C-83C1-91D3A1F568A6
guid011=87306678-C403-41EF-994E-07DD4EE15B9A
guid012=3843C7D8-14EE-4D87-9703-4B0172129E51
guid013=45081B71-EEEC-4D6B-BED1-25675AFAF883
guid014=191BA275-2EBC-4BA1-B145-BCF02B7EECDE
guid015=0337ACF4-597F-412C-874D-8CF091E920D6
guid016=1D4BE730-42B9-4144-BFB6-23EFD2EB01DA
guid017=BDF07DB6-9B87-41CF-BA75-806F66A15DC6
guid018=AA5C4FEE-FF35-4EF0-A19E-D879AD6D99DB
[REGISTRY]
regroot001=HKEY_CURRENT_USER
regkey001=\Software\Microsoft\Windows\CurrentVersion\Explorer\MenuOrder\Start Menu\Programs\Doom 3
